  [1m[35m (0.3ms)[0m  [1m[34mSELECT pg_try_advisory_lock(486791706883918695)[0m
  [1m[35m (7.6ms)[0m  [1m[34mSELECT "schema_migrations"."version" FROM "schema_migrations" ORDER BY "schema_migrations"."version" ASC[0m
  [1m[36mActiveRecord::InternalMetadata Load (0.6ms)[0m  [1m[34mSELECT  "ar_internal_metadata".* FROM "ar_internal_metadata" WHERE "ar_internal_metadata"."key" = $1 LIMIT $2[0m  [["key", "environment"], ["LIMIT", 1]]
  [1m[35m (0.3ms)[0m  [1m[35mBEGIN[0m
  [1m[35m (0.3ms)[0m  [1m[35mCOMMIT[0m
  [1m[35m (0.4ms)[0m  [1m[34mSELECT pg_advisory_unlock(486791706883918695)[0m
  [1m[35m (0.5ms)[0m  [1m[34mSELECT "schema_migrations"."version" FROM "schema_migrations" ORDER BY "schema_migrations"."version" ASC[0m
  [1m[35m (1.4ms)[0m  [1m[34mSELECT "schema_migrations"."version" FROM "schema_migrations" ORDER BY "schema_migrations"."version" ASC[0m
  [1m[35m (0.2ms)[0m  [1m[35mBEGIN[0m
  [1m[35mSQL (12.6ms)[0m  [1m[32mINSERT INTO "cats" ("name", "breed", "created_at", "updated_at") VALUES ($1, $2, $3, $4) RETURNING "id"[0m  [["name", "Lucky"], ["breed", "Oriental Bicolor"], ["created_at", "2018-02-08 18:52:59.890103"], ["updated_at", "2018-02-08 18:52:59.890103"]]
  [1m[35m (2.2ms)[0m  [1m[35mCOMMIT[0m
  [1m[35m (0.3ms)[0m  [1m[35mBEGIN[0m
  [1m[35mSQL (0.6ms)[0m  [1m[32mINSERT INTO "cats" ("name", "breed", "created_at", "updated_at") VALUES ($1, $2, $3, $4) RETURNING "id"[0m  [["name", "Jasper"], ["breed", "German Rex"], ["created_at", "2018-02-08 18:52:59.908156"], ["updated_at", "2018-02-08 18:52:59.908156"]]
  [1m[35m (0.8ms)[0m  [1m[35mCOMMIT[0m
  [1m[35m (0.2ms)[0m  [1m[35mBEGIN[0m
  [1m[35mSQL (0.5ms)[0m  [1m[32mINSERT INTO "cats" ("name", "breed", "created_at", "updated_at") VALUES ($1, $2, $3, $4) RETURNING "id"[0m  [["name", "Poppy"], ["breed", "Bambino"], ["created_at", "2018-02-08 18:52:59.911983"], ["updated_at", "2018-02-08 18:52:59.911983"]]
  [1m[35m (0.6ms)[0m  [1m[35mCOMMIT[0m
  [1m[35m (0.2ms)[0m  [1m[35mBEGIN[0m
  [1m[35mSQL (0.5ms)[0m  [1m[32mINSERT INTO "cats" ("name", "breed", "created_at", "updated_at") VALUES ($1, $2, $3, $4) RETURNING "id"[0m  [["name", "Bella"], ["breed", "Bengal"], ["created_at", "2018-02-08 18:52:59.915359"], ["updated_at", "2018-02-08 18:52:59.915359"]]
  [1m[35m (0.5ms)[0m  [1m[35mCOMMIT[0m
  [1m[35m (0.2ms)[0m  [1m[35mBEGIN[0m
  [1m[35mSQL (0.4ms)[0m  [1m[32mINSERT INTO "cats" ("name", "breed", "created_at", "updated_at") VALUES ($1, $2, $3, $4) RETURNING "id"[0m  [["name", "Lily"], ["breed", "Serengeti"], ["created_at", "2018-02-08 18:52:59.918668"], ["updated_at", "2018-02-08 18:52:59.918668"]]
  [1m[35m (0.4ms)[0m  [1m[35mCOMMIT[0m
  [1m[35m (0.1ms)[0m  [1m[35mBEGIN[0m
  [1m[35mSQL (0.3ms)[0m  [1m[32mINSERT INTO "cats" ("name", "breed", "created_at", "updated_at") VALUES ($1, $2, $3, $4) RETURNING "id"[0m  [["name", "Milo"], ["breed", "Serrade petit"], ["created_at", "2018-02-08 18:52:59.921220"], ["updated_at", "2018-02-08 18:52:59.921220"]]
  [1m[35m (0.4ms)[0m  [1m[35mCOMMIT[0m
  [1m[35m (0.2ms)[0m  [1m[35mBEGIN[0m
  [1m[35mSQL (0.3ms)[0m  [1m[32mINSERT INTO "cats" ("name", "breed", "created_at", "updated_at") VALUES ($1, $2, $3, $4) RETURNING "id"[0m  [["name", "Smokey"], ["breed", "American Bobtail"], ["created_at", "2018-02-08 18:52:59.923540"], ["updated_at", "2018-02-08 18:52:59.923540"]]
  [1m[35m (0.4ms)[0m  [1m[35mCOMMIT[0m
  [1m[35m (0.2ms)[0m  [1m[35mBEGIN[0m
  [1m[35mSQL (0.4ms)[0m  [1m[32mINSERT INTO "cats" ("name", "breed", "created_at", "updated_at") VALUES ($1, $2, $3, $4) RETURNING "id"[0m  [["name", "Missy"], ["breed", "Nebelung"], ["created_at", "2018-02-08 18:52:59.926147"], ["updated_at", "2018-02-08 18:52:59.926147"]]
  [1m[35m (0.5ms)[0m  [1m[35mCOMMIT[0m
  [1m[35m (0.2ms)[0m  [1m[35mBEGIN[0m
  [1m[35mSQL (2.1ms)[0m  [1m[32mINSERT INTO "cats" ("name", "breed", "created_at", "updated_at") VALUES ($1, $2, $3, $4) RETURNING "id"[0m  [["name", "Sooty"], ["breed", "Mekong Bobtail"], ["created_at", "2018-02-08 18:52:59.928760"], ["updated_at", "2018-02-08 18:52:59.928760"]]
  [1m[35m (0.5ms)[0m  [1m[35mCOMMIT[0m
  [1m[35m (0.2ms)[0m  [1m[35mBEGIN[0m
  [1m[35mSQL (0.5ms)[0m  [1m[32mINSERT INTO "cats" ("name", "breed", "created_at", "updated_at") VALUES ($1, $2, $3, $4) RETURNING "id"[0m  [["name", "Molly"], ["breed", "Foldex Cat"], ["created_at", "2018-02-08 18:52:59.933597"], ["updated_at", "2018-02-08 18:52:59.933597"]]
  [1m[35m (0.6ms)[0m  [1m[35mCOMMIT[0m
  [1m[35m (0.2ms)[0m  [1m[35mBEGIN[0m
  [1m[35mSQL (0.4ms)[0m  [1m[32mINSERT INTO "cats" ("name", "breed", "created_at", "updated_at") VALUES ($1, $2, $3, $4) RETURNING "id"[0m  [["name", "Daisy"], ["breed", "Ojos Azules"], ["created_at", "2018-02-08 18:52:59.937017"], ["updated_at", "2018-02-08 18:52:59.937017"]]
  [1m[35m (0.5ms)[0m  [1m[35mCOMMIT[0m
  [1m[35m (0.2ms)[0m  [1m[35mBEGIN[0m
  [1m[35mSQL (0.3ms)[0m  [1m[32mINSERT INTO "cats" ("name", "breed", "created_at", "updated_at") VALUES ($1, $2, $3, $4) RETURNING "id"[0m  [["name", "Oliver"], ["breed", "Burmese"], ["created_at", "2018-02-08 18:52:59.939824"], ["updated_at", "2018-02-08 18:52:59.939824"]]
  [1m[35m (0.4ms)[0m  [1m[35mCOMMIT[0m
  [1m[35m (0.2ms)[0m  [1m[35mBEGIN[0m
  [1m[35mSQL (0.3ms)[0m  [1m[32mINSERT INTO "cats" ("name", "breed", "created_at", "updated_at") VALUES ($1, $2, $3, $4) RETURNING "id"[0m  [["name", "Charlie"], ["breed", "Birman"], ["created_at", "2018-02-08 18:52:59.941963"], ["updated_at", "2018-02-08 18:52:59.941963"]]
  [1m[35m (0.4ms)[0m  [1m[35mCOMMIT[0m
  [1m[35m (0.2ms)[0m  [1m[35mBEGIN[0m
  [1m[35mSQL (0.3ms)[0m  [1m[32mINSERT INTO "cats" ("name", "breed", "created_at", "updated_at") VALUES ($1, $2, $3, $4) RETURNING "id"[0m  [["name", "Tiger"], ["breed", "Sam Sawet"], ["created_at", "2018-02-08 18:52:59.944062"], ["updated_at", "2018-02-08 18:52:59.944062"]]
  [1m[35m (0.4ms)[0m  [1m[35mCOMMIT[0m
  [1m[35m (0.2ms)[0m  [1m[35mBEGIN[0m
  [1m[35mSQL (0.3ms)[0m  [1m[32mINSERT INTO "cats" ("name", "breed", "created_at", "updated_at") VALUES ($1, $2, $3, $4) RETURNING "id"[0m  [["name", "Max"], ["breed", "Nebelung"], ["created_at", "2018-02-08 18:52:59.946317"], ["updated_at", "2018-02-08 18:52:59.946317"]]
  [1m[35m (0.5ms)[0m  [1m[35mCOMMIT[0m
  [1m[35m (0.1ms)[0m  [1m[35mBEGIN[0m
  [1m[35mSQL (0.3ms)[0m  [1m[32mINSERT INTO "cats" ("name", "breed", "created_at", "updated_at") VALUES ($1, $2, $3, $4) RETURNING "id"[0m  [["name", "Sam"], ["breed", "Turkish Van"], ["created_at", "2018-02-08 18:52:59.948537"], ["updated_at", "2018-02-08 18:52:59.948537"]]
  [1m[35m (0.4ms)[0m  [1m[35mCOMMIT[0m
  [1m[35m (0.2ms)[0m  [1m[35mBEGIN[0m
  [1m[35mSQL (0.3ms)[0m  [1m[32mINSERT INTO "cats" ("name", "breed", "created_at", "updated_at") VALUES ($1, $2, $3, $4) RETURNING "id"[0m  [["name", "Chloe"], ["breed", "Cheetoh"], ["created_at", "2018-02-08 18:52:59.950899"], ["updated_at", "2018-02-08 18:52:59.950899"]]
  [1m[35m (0.4ms)[0m  [1m[35mCOMMIT[0m
  [1m[35m (0.1ms)[0m  [1m[35mBEGIN[0m
  [1m[35mSQL (0.3ms)[0m  [1m[32mINSERT INTO "cats" ("name", "breed", "created_at", "updated_at") VALUES ($1, $2, $3, $4) RETURNING "id"[0m  [["name", "Alfie"], ["breed", "European Shorthair"], ["created_at", "2018-02-08 18:52:59.952951"], ["updated_at", "2018-02-08 18:52:59.952951"]]
  [1m[35m (0.5ms)[0m  [1m[35mCOMMIT[0m
  [1m[35m (0.2ms)[0m  [1m[35mBEGIN[0m
  [1m[35mSQL (0.4ms)[0m  [1m[32mINSERT INTO "cats" ("name", "breed", "created_at", "updated_at") VALUES ($1, $2, $3, $4) RETURNING "id"[0m  [["name", "Misty"], ["breed", "Korat"], ["created_at", "2018-02-08 18:52:59.955344"], ["updated_at", "2018-02-08 18:52:59.955344"]]
  [1m[35m (0.5ms)[0m  [1m[35mCOMMIT[0m
  [1m[35m (0.1ms)[0m  [1m[35mBEGIN[0m
  [1m[35mSQL (0.3ms)[0m  [1m[32mINSERT INTO "cats" ("name", "breed", "created_at", "updated_at") VALUES ($1, $2, $3, $4) RETURNING "id"[0m  [["name", "Simba"], ["breed", "Khao Manee"], ["created_at", "2018-02-08 18:52:59.957694"], ["updated_at", "2018-02-08 18:52:59.957694"]]
  [1m[35m (0.5ms)[0m  [1m[35mCOMMIT[0m
Started GET "/" for ::1 at 2018-02-08 13:53:15 -0500
  [1m[35m (0.7ms)[0m  [1m[34mSELECT "schema_migrations"."version" FROM "schema_migrations" ORDER BY "schema_migrations"."version" ASC[0m
Processing by RootController#index as HTML
  Rendering root/index.html.erb within layouts/application
  Rendered root/index.html.erb within layouts/application (2.1ms)
Completed 200 OK in 1243ms (Views: 1227.6ms | ActiveRecord: 0.0ms)


Started GET "/cats" for ::1 at 2018-02-08 13:53:19 -0500
Processing by CatsController#index as HTML
  Rendering cats/index.html.erb within layouts/application
  [1m[36mCat Load (1.5ms)[0m  [1m[34mSELECT "cats".* FROM "cats"[0m
  Rendered cats/index.html.erb within layouts/application (61.7ms)
Completed 200 OK in 101ms (Views: 66.9ms | ActiveRecord: 24.9ms)


  [1m[35m (7.0ms)[0m  [1m[34mSELECT "schema_migrations"."version" FROM "schema_migrations" ORDER BY "schema_migrations"."version" ASC[0m
  [1m[35m (1.0ms)[0m  [1m[34mSELECT "ar_internal_metadata"."value" FROM "ar_internal_metadata" WHERE "ar_internal_metadata"."key" = $1[0m  [["key", "environment"]]
  [1m[35m (0.3ms)[0m  [1m[34mSELECT "schema_migrations"."version" FROM "schema_migrations" ORDER BY "schema_migrations"."version" ASC[0m
  [1m[35m (0.2ms)[0m  [1m[34mSELECT "ar_internal_metadata"."value" FROM "ar_internal_metadata" WHERE "ar_internal_metadata"."key" = $1[0m  [["key", "environment"]]
  [1m[35m (0.2ms)[0m  [1m[34mSELECT "schema_migrations"."version" FROM "schema_migrations" ORDER BY "schema_migrations"."version" ASC[0m
  [1m[35m (0.2ms)[0m  [1m[34mSELECT "ar_internal_metadata"."value" FROM "ar_internal_metadata" WHERE "ar_internal_metadata"."key" = $1[0m  [["key", "environment"]]
  [1m[35m (335.4ms)[0m  [1m[35mDROP DATABASE IF EXISTS "CatApp_development"[0m
  [1m[35m (316.4ms)[0m  [1m[35mDROP DATABASE IF EXISTS "CatApp_test"[0m
  [1m[35m (53.4ms)[0m  [1m[35mCREATE TABLE "schema_migrations" ("version" character varying NOT NULL PRIMARY KEY)[0m
  [1m[35m (28.3ms)[0m  [1m[35mCREATE TABLE "ar_internal_metadata" ("key" character varying NOT NULL PRIMARY KEY, "value" character varying, "created_at" timestamp NOT NULL, "updated_at" timestamp NOT NULL)[0m
  [1m[35m (0.8ms)[0m  [1m[34mSELECT pg_try_advisory_lock(486791706883918695)[0m
  [1m[35m (1.4ms)[0m  [1m[34mSELECT "schema_migrations"."version" FROM "schema_migrations" ORDER BY "schema_migrations"."version" ASC[0m
Migrating to CreateCats (20171207150826)
  [1m[35m (0.3ms)[0m  [1m[35mBEGIN[0m
  [1m[35m (38.7ms)[0m  [1m[35mCREATE TABLE "cats" ("id" bigserial primary key, "name" character varying, "breed" character varying, "created_at" timestamp NOT NULL, "updated_at" timestamp NOT NULL)[0m
  [1m[35mSQL (1.3ms)[0m  [1m[32mINSERT INTO "schema_migrations" ("version") VALUES ($1) RETURNING "version"[0m  [["version", "20171207150826"]]
  [1m[35m (7.3ms)[0m  [1m[35mCOMMIT[0m
  [1m[36mActiveRecord::InternalMetadata Load (0.8ms)[0m  [1m[34mSELECT  "ar_internal_metadata".* FROM "ar_internal_metadata" WHERE "ar_internal_metadata"."key" = $1 LIMIT $2[0m  [["key", "environment"], ["LIMIT", 1]]
  [1m[35m (0.2ms)[0m  [1m[35mBEGIN[0m
  [1m[35mSQL (0.7ms)[0m  [1m[32mINSERT INTO "ar_internal_metadata" ("key", "value", "created_at", "updated_at") VALUES ($1, $2, $3, $4) RETURNING "key"[0m  [["key", "environment"], ["value", "development"], ["created_at", "2018-02-08 18:55:14.661040"], ["updated_at", "2018-02-08 18:55:14.661040"]]
  [1m[35m (0.6ms)[0m  [1m[35mCOMMIT[0m
  [1m[35m (0.3ms)[0m  [1m[34mSELECT pg_advisory_unlock(486791706883918695)[0m
  [1m[35m (0.4ms)[0m  [1m[34mSELECT "schema_migrations"."version" FROM "schema_migrations" ORDER BY "schema_migrations"."version" ASC[0m
  [1m[35m (1.2ms)[0m  [1m[34mSELECT "schema_migrations"."version" FROM "schema_migrations" ORDER BY "schema_migrations"."version" ASC[0m
  [1m[35m (0.3ms)[0m  [1m[35mBEGIN[0m
  [1m[35mSQL (1.1ms)[0m  [1m[32mINSERT INTO "cats" ("name", "breed", "created_at", "updated_at") VALUES ($1, $2, $3, $4) RETURNING "id"[0m  [["name", "Simba"], ["breed", "European Shorthair"], ["created_at", "2018-02-08 18:55:20.292758"], ["updated_at", "2018-02-08 18:55:20.292758"]]
  [1m[35m (0.5ms)[0m  [1m[35mCOMMIT[0m
  [1m[35m (0.2ms)[0m  [1m[35mBEGIN[0m
  [1m[35mSQL (0.3ms)[0m  [1m[32mINSERT INTO "cats" ("name", "breed", "created_at", "updated_at") VALUES ($1, $2, $3, $4) RETURNING "id"[0m  [["name", "Charlie"], ["breed", "Lykoi"], ["created_at", "2018-02-08 18:55:20.297370"], ["updated_at", "2018-02-08 18:55:20.297370"]]
  [1m[35m (0.4ms)[0m  [1m[35mCOMMIT[0m
  [1m[35m (0.1ms)[0m  [1m[35mBEGIN[0m
  [1m[35mSQL (0.3ms)[0m  [1m[32mINSERT INTO "cats" ("name", "breed", "created_at", "updated_at") VALUES ($1, $2, $3, $4) RETURNING "id"[0m  [["name", "Lucy"], ["breed", "Sokoke"], ["created_at", "2018-02-08 18:55:20.299673"], ["updated_at", "2018-02-08 18:55:20.299673"]]
  [1m[35m (0.4ms)[0m  [1m[35mCOMMIT[0m
  [1m[35m (0.3ms)[0m  [1m[35mBEGIN[0m
  [1m[35mSQL (0.4ms)[0m  [1m[32mINSERT INTO "cats" ("name", "breed", "created_at", "updated_at") VALUES ($1, $2, $3, $4) RETURNING "id"[0m  [["name", "Coco"], ["breed", "Australian Mist"], ["created_at", "2018-02-08 18:55:20.302045"], ["updated_at", "2018-02-08 18:55:20.302045"]]
  [1m[35m (0.5ms)[0m  [1m[35mCOMMIT[0m
  [1m[35m (0.2ms)[0m  [1m[35mBEGIN[0m
  [1m[35mSQL (0.4ms)[0m  [1m[32mINSERT INTO "cats" ("name", "breed", "created_at", "updated_at") VALUES ($1, $2, $3, $4) RETURNING "id"[0m  [["name", "Poppy"], ["breed", "Chartreux"], ["created_at", "2018-02-08 18:55:20.305039"], ["updated_at", "2018-02-08 18:55:20.305039"]]
  [1m[35m (0.4ms)[0m  [1m[35mCOMMIT[0m
  [1m[35m (0.2ms)[0m  [1m[35mBEGIN[0m
  [1m[35mSQL (0.4ms)[0m  [1m[32mINSERT INTO "cats" ("name", "breed", "created_at", "updated_at") VALUES ($1, $2, $3, $4) RETURNING "id"[0m  [["name", "Jasper"], ["breed", "Exotic Shorthair"], ["created_at", "2018-02-08 18:55:20.307776"], ["updated_at", "2018-02-08 18:55:20.307776"]]
  [1m[35m (0.5ms)[0m  [1m[35mCOMMIT[0m
  [1m[35m (0.2ms)[0m  [1m[35mBEGIN[0m
  [1m[35mSQL (0.4ms)[0m  [1m[32mINSERT INTO "cats" ("name", "breed", "created_at", "updated_at") VALUES ($1, $2, $3, $4) RETURNING "id"[0m  [["name", "Sam"], ["breed", "Cymric, or Manx Longhair"], ["created_at", "2018-02-08 18:55:20.310684"], ["updated_at", "2018-02-08 18:55:20.310684"]]
  [1m[35m (0.7ms)[0m  [1m[35mCOMMIT[0m
  [1m[35m (0.2ms)[0m  [1m[35mBEGIN[0m
  [1m[35mSQL (0.4ms)[0m  [1m[32mINSERT INTO "cats" ("name", "breed", "created_at", "updated_at") VALUES ($1, $2, $3, $4) RETURNING "id"[0m  [["name", "Oscar"], ["breed", "Brazilian Shorthair"], ["created_at", "2018-02-08 18:55:20.313900"], ["updated_at", "2018-02-08 18:55:20.313900"]]
  [1m[35m (0.5ms)[0m  [1m[35mCOMMIT[0m
  [1m[35m (0.2ms)[0m  [1m[35mBEGIN[0m
  [1m[35mSQL (0.5ms)[0m  [1m[32mINSERT INTO "cats" ("name", "breed", "created_at", "updated_at") VALUES ($1, $2, $3, $4) RETURNING "id"[0m  [["name", "Shadow"], ["breed", "Russian White, Black and Tabby"], ["created_at", "2018-02-08 18:55:20.316691"], ["updated_at", "2018-02-08 18:55:20.316691"]]
  [1m[35m (0.5ms)[0m  [1m[35mCOMMIT[0m
  [1m[35m (0.2ms)[0m  [1m[35mBEGIN[0m
  [1m[35mSQL (0.4ms)[0m  [1m[32mINSERT INTO "cats" ("name", "breed", "created_at", "updated_at") VALUES ($1, $2, $3, $4) RETURNING "id"[0m  [["name", "Felix"], ["breed", "Ojos Azules"], ["created_at", "2018-02-08 18:55:20.319852"], ["updated_at", "2018-02-08 18:55:20.319852"]]
  [1m[35m (0.4ms)[0m  [1m[35mCOMMIT[0m
  [1m[35m (0.2ms)[0m  [1m[35mBEGIN[0m
  [1m[35mSQL (0.3ms)[0m  [1m[32mINSERT INTO "cats" ("name", "breed", "created_at", "updated_at") VALUES ($1, $2, $3, $4) RETURNING "id"[0m  [["name", "Missy"], ["breed", "Korat"], ["created_at", "2018-02-08 18:55:20.322522"], ["updated_at", "2018-02-08 18:55:20.322522"]]
  [1m[35m (0.4ms)[0m  [1m[35mCOMMIT[0m
  [1m[35m (0.2ms)[0m  [1m[35mBEGIN[0m
  [1m[35mSQL (0.3ms)[0m  [1m[32mINSERT INTO "cats" ("name", "breed", "created_at", "updated_at") VALUES ($1, $2, $3, $4) RETURNING "id"[0m  [["name", "Lily"], ["breed", "Russian White, Black and Tabby"], ["created_at", "2018-02-08 18:55:20.324786"], ["updated_at", "2018-02-08 18:55:20.324786"]]
  [1m[35m (0.4ms)[0m  [1m[35mCOMMIT[0m
  [1m[35m (0.2ms)[0m  [1m[35mBEGIN[0m
  [1m[35mSQL (0.3ms)[0m  [1m[32mINSERT INTO "cats" ("name", "breed", "created_at", "updated_at") VALUES ($1, $2, $3, $4) RETURNING "id"[0m  [["name", "Smudge"], ["breed", "Aegean"], ["created_at", "2018-02-08 18:55:20.327082"], ["updated_at", "2018-02-08 18:55:20.327082"]]
  [1m[35m (0.4ms)[0m  [1m[35mCOMMIT[0m
  [1m[35m (0.1ms)[0m  [1m[35mBEGIN[0m
  [1m[35mSQL (0.3ms)[0m  [1m[32mINSERT INTO "cats" ("name", "breed", "created_at", "updated_at") VALUES ($1, $2, $3, $4) RETURNING "id"[0m  [["name", "Bella"], ["breed", "Havana Brown"], ["created_at", "2018-02-08 18:55:20.329148"], ["updated_at", "2018-02-08 18:55:20.329148"]]
  [1m[35m (0.5ms)[0m  [1m[35mCOMMIT[0m
  [1m[35m (0.2ms)[0m  [1m[35mBEGIN[0m
  [1m[35mSQL (0.3ms)[0m  [1m[32mINSERT INTO "cats" ("name", "breed", "created_at", "updated_at") VALUES ($1, $2, $3, $4) RETURNING "id"[0m  [["name", "Milo"], ["breed", "Oriental Longhair"], ["created_at", "2018-02-08 18:55:20.331241"], ["updated_at", "2018-02-08 18:55:20.331241"]]
  [1m[35m (0.4ms)[0m  [1m[35mCOMMIT[0m
  [1m[35m (0.2ms)[0m  [1m[35mBEGIN[0m
  [1m[35mSQL (0.3ms)[0m  [1m[32mINSERT INTO "cats" ("name", "breed", "created_at", "updated_at") VALUES ($1, $2, $3, $4) RETURNING "id"[0m  [["name", "Millie"], ["breed", "California Spangled"], ["created_at", "2018-02-08 18:55:20.333417"], ["updated_at", "2018-02-08 18:55:20.333417"]]
  [1m[35m (0.5ms)[0m  [1m[35mCOMMIT[0m
  [1m[35m (0.2ms)[0m  [1m[35mBEGIN[0m
  [1m[35mSQL (0.5ms)[0m  [1m[32mINSERT INTO "cats" ("name", "breed", "created_at", "updated_at") VALUES ($1, $2, $3, $4) RETURNING "id"[0m  [["name", "Alfie"], ["breed", "Pixie-bob"], ["created_at", "2018-02-08 18:55:20.335775"], ["updated_at", "2018-02-08 18:55:20.335775"]]
  [1m[35m (0.5ms)[0m  [1m[35mCOMMIT[0m
  [1m[35m (0.2ms)[0m  [1m[35mBEGIN[0m
  [1m[35mSQL (0.4ms)[0m  [1m[32mINSERT INTO "cats" ("name", "breed", "created_at", "updated_at") VALUES ($1, $2, $3, $4) RETURNING "id"[0m  [["name", "Lucky"], ["breed", "California Spangled"], ["created_at", "2018-02-08 18:55:20.339185"], ["updated_at", "2018-02-08 18:55:20.339185"]]
  [1m[35m (0.5ms)[0m  [1m[35mCOMMIT[0m
  [1m[35m (0.2ms)[0m  [1m[35mBEGIN[0m
  [1m[35mSQL (0.4ms)[0m  [1m[32mINSERT INTO "cats" ("name", "breed", "created_at", "updated_at") VALUES ($1, $2, $3, $4) RETURNING "id"[0m  [["name", "Molly"], ["breed", "Mekong Bobtail"], ["created_at", "2018-02-08 18:55:20.342332"], ["updated_at", "2018-02-08 18:55:20.342332"]]
  [1m[35m (0.5ms)[0m  [1m[35mCOMMIT[0m
  [1m[35m (0.2ms)[0m  [1m[35mBEGIN[0m
  [1m[35mSQL (0.3ms)[0m  [1m[32mINSERT INTO "cats" ("name", "breed", "created_at", "updated_at") VALUES ($1, $2, $3, $4) RETURNING "id"[0m  [["name", "Misty"], ["breed", "Donskoy, or Don Sphynx"], ["created_at", "2018-02-08 18:55:20.345013"], ["updated_at", "2018-02-08 18:55:20.345013"]]
  [1m[35m (0.4ms)[0m  [1m[35mCOMMIT[0m
Started GET "/cats" for ::1 at 2018-02-08 13:55:40 -0500
  [1m[35m (0.9ms)[0m  [1m[34mSELECT "schema_migrations"."version" FROM "schema_migrations" ORDER BY "schema_migrations"."version" ASC[0m
Processing by CatsController#index as HTML
  Rendering cats/index.html.erb within layouts/application
  [1m[36mCat Load (0.5ms)[0m  [1m[34mSELECT  "cats".* FROM "cats" LIMIT $1[0m  [["LIMIT", 10]]
  Rendered cats/index.html.erb within layouts/application (18.4ms)
Completed 200 OK in 370ms (Views: 345.3ms | ActiveRecord: 6.8ms)


Started GET "/" for ::1 at 2018-02-08 13:57:20 -0500
Processing by RootController#index as HTML
  Rendering root/index.html.erb within layouts/application
  Rendered root/index.html.erb within layouts/application (3.7ms)
Completed 200 OK in 95ms (Views: 80.4ms | ActiveRecord: 0.0ms)


Started GET "/cats" for ::1 at 2018-02-08 13:57:24 -0500
Processing by CatsController#index as HTML
  Rendering cats/index.html.erb within layouts/application
  [1m[36mCat Load (0.9ms)[0m  [1m[34mSELECT  "cats".* FROM "cats" LIMIT $1[0m  [["LIMIT", 10]]
  Rendered cats/index.html.erb within layouts/application (89.1ms)
Completed 200 OK in 146ms (Views: 113.9ms | ActiveRecord: 13.9ms)


Started GET "/cats/2" for ::1 at 2018-02-08 13:57:27 -0500
Processing by CatsController#show as HTML
  Parameters: {"id"=>"2"}
  [1m[36mCat Load (1.1ms)[0m  [1m[34mSELECT  "cats".* FROM "cats" WHERE "cats"."id" = $1 LIMIT $2[0m  [["id", 2], ["LIMIT", 1]]
  Rendering cats/show.html.erb within layouts/application
  Rendered cats/show.html.erb within layouts/application (0.9ms)
Completed 200 OK in 74ms (Views: 38.4ms | ActiveRecord: 1.9ms)


Started GET "/cats" for ::1 at 2018-02-08 13:57:29 -0500
Processing by CatsController#index as HTML
  Rendering cats/index.html.erb within layouts/application
  [1m[36mCat Load (1.6ms)[0m  [1m[34mSELECT  "cats".* FROM "cats" LIMIT $1[0m  [["LIMIT", 10]]
  Rendered cats/index.html.erb within layouts/application (4.1ms)
Completed 200 OK in 62ms (Views: 55.2ms | ActiveRecord: 1.6ms)


Started GET "/cats/3" for ::1 at 2018-02-08 14:06:08 -0500
Processing by CatsController#show as HTML
  Parameters: {"id"=>"3"}
  [1m[36mCat Load (1.6ms)[0m  [1m[34mSELECT  "cats".* FROM "cats" WHERE "cats"."id" = $1 LIMIT $2[0m  [["id", 3], ["LIMIT", 1]]
  Rendering cats/show.html.erb within layouts/application
  Rendered cats/show.html.erb within layouts/application (6.8ms)
Completed 200 OK in 145ms (Views: 105.4ms | ActiveRecord: 1.6ms)


Started GET "/cats" for ::1 at 2018-02-08 14:22:04 -0500
Processing by CatsController#index as HTML
  Rendering cats/index.html.erb within layouts/application
  [1m[36mCat Load (25.0ms)[0m  [1m[34mSELECT "cats".* FROM "cats"[0m
  Rendered cats/index.html.erb within layouts/application (269.2ms)
Completed 200 OK in 381ms (Views: 126.1ms | ActiveRecord: 230.7ms)


Started GET "/cats/new" for ::1 at 2018-02-08 14:22:21 -0500
Processing by CatsController#new as HTML
  Rendering cats/new.html.erb within layouts/application
  Rendered cats/new.html.erb within layouts/application (40.2ms)
Completed 200 OK in 96ms (Views: 89.4ms | ActiveRecord: 0.0ms)


Started GET "/cats/2" for ::1 at 2018-02-08 14:22:24 -0500
Processing by CatsController#show as HTML
  Parameters: {"id"=>"2"}
  [1m[36mCat Load (13.0ms)[0m  [1m[34mSELECT  "cats".* FROM "cats" WHERE "cats"."id" = $1 LIMIT $2[0m  [["id", 2], ["LIMIT", 1]]
  Rendering cats/show.html.erb within layouts/application
  Rendered cats/show.html.erb within layouts/application (2.7ms)
Completed 200 OK in 171ms (Views: 96.1ms | ActiveRecord: 13.0ms)


Started GET "/cats" for ::1 at 2018-02-08 14:22:27 -0500
Processing by CatsController#index as HTML
  Rendering cats/index.html.erb within layouts/application
  [1m[36mCat Load (1.1ms)[0m  [1m[34mSELECT "cats".* FROM "cats"[0m
  Rendered cats/index.html.erb within layouts/application (6.4ms)
Completed 200 OK in 77ms (Views: 70.4ms | ActiveRecord: 1.1ms)


Started GET "/cats" for ::1 at 2018-02-08 14:24:11 -0500
Processing by CatsController#index as HTML
  Rendering cats/index.html.erb within layouts/application
  [1m[36mCat Load (22.5ms)[0m  [1m[34mSELECT "cats".* FROM "cats"[0m
  Rendered cats/index.html.erb within layouts/application (55.3ms)
Completed 200 OK in 260ms (Views: 202.1ms | ActiveRecord: 22.5ms)


Started GET "/cats/new" for ::1 at 2018-02-08 14:24:15 -0500
Processing by CatsController#new as HTML
  Rendering cats/new.html.erb within layouts/application
  Rendered cats/new.html.erb within layouts/application (3.2ms)
Completed 200 OK in 241ms (Views: 24.6ms | ActiveRecord: 0.0ms)


Started POST "/cats" for ::1 at 2018-02-08 14:24:38 -0500
Processing by CatsController#create as HTML
  Parameters: {"utf8"=>"✓", "authenticity_token"=>"orByKsGESwdO+p0QkUYyVu/mwTp83hAcmuDLZcqenFi70wGpN8dW4ksoPxSd9TMcn2sIdbdGLyN4eZ7Y9MxL7A==", "cat"=>{"name"=>"marshall", "breed"=>"who knows"}, "commit"=>"Add Cat"}
  [1m[35m (7.7ms)[0m  [1m[35mBEGIN[0m
  [1m[35mSQL (101.8ms)[0m  [1m[32mINSERT INTO "cats" ("name", "breed", "created_at", "updated_at") VALUES ($1, $2, $3, $4) RETURNING "id"[0m  [["name", "marshall"], ["breed", "who knows"], ["created_at", "2018-02-08 19:24:38.441299"], ["updated_at", "2018-02-08 19:24:38.441299"]]
  [1m[35m (2.9ms)[0m  [1m[35mCOMMIT[0m
Redirected to http://localhost:3001/cats/21
Completed 302 Found in 195ms (ActiveRecord: 112.3ms)


Started GET "/cats/21" for ::1 at 2018-02-08 14:24:38 -0500
Processing by CatsController#show as HTML
  Parameters: {"id"=>"21"}
  [1m[36mCat Load (7.0ms)[0m  [1m[34mSELECT  "cats".* FROM "cats" WHERE "cats"."id" = $1 LIMIT $2[0m  [["id", 21], ["LIMIT", 1]]
  Rendering cats/show.html.erb within layouts/application
  Rendered cats/show.html.erb within layouts/application (3.1ms)
Completed 200 OK in 101ms (Views: 78.6ms | ActiveRecord: 7.0ms)


Started GET "/cats" for ::1 at 2018-02-08 14:24:44 -0500
Processing by CatsController#index as HTML
  Rendering cats/index.html.erb within layouts/application
  [1m[36mCat Load (0.7ms)[0m  [1m[34mSELECT "cats".* FROM "cats"[0m
  Rendered cats/index.html.erb within layouts/application (16.0ms)
Completed 200 OK in 84ms (Views: 76.7ms | ActiveRecord: 0.7ms)


Started GET "/cats/new" for ::1 at 2018-02-08 14:25:44 -0500
Processing by CatsController#new as HTML
  Rendering cats/new.html.erb within layouts/application
  Rendered cats/new.html.erb within layouts/application (20.8ms)
Completed 200 OK in 145ms (Views: 114.1ms | ActiveRecord: 0.0ms)


Started GET "/cats/18" for ::1 at 2018-02-08 14:42:43 -0500
Processing by CatsController#show as HTML
  Parameters: {"id"=>"18"}
  [1m[36mCat Load (6.3ms)[0m  [1m[34mSELECT  "cats".* FROM "cats" WHERE "cats"."id" = $1 LIMIT $2[0m  [["id", 18], ["LIMIT", 1]]
  Rendering cats/show.html.erb within layouts/application
  Rendered cats/show.html.erb within layouts/application (2.5ms)
Completed 200 OK in 183ms (Views: 107.2ms | ActiveRecord: 6.3ms)


Started GET "/cats" for ::1 at 2018-02-08 14:44:23 -0500
Processing by CatsController#index as HTML
  Rendering cats/index.html.erb within layouts/application
  [1m[36mCat Load (14.0ms)[0m  [1m[34mSELECT "cats".* FROM "cats"[0m
  Rendered cats/index.html.erb within layouts/application (94.8ms)
Completed 200 OK in 308ms (Views: 263.4ms | ActiveRecord: 14.0ms)


Started GET "/cats/15" for ::1 at 2018-02-08 14:44:33 -0500
Processing by CatsController#show as HTML
  Parameters: {"id"=>"15"}
  [1m[36mCat Load (1.6ms)[0m  [1m[34mSELECT  "cats".* FROM "cats" WHERE "cats"."id" = $1 LIMIT $2[0m  [["id", 15], ["LIMIT", 1]]
  Rendering cats/show.html.erb within layouts/application
  Rendered cats/show.html.erb within layouts/application (6.4ms)
Completed 200 OK in 158ms (Views: 138.9ms | ActiveRecord: 1.6ms)


Started GET "/cats" for ::1 at 2018-02-08 14:44:36 -0500
Processing by CatsController#index as HTML
  Rendering cats/index.html.erb within layouts/application
  [1m[36mCat Load (16.2ms)[0m  [1m[34mSELECT "cats".* FROM "cats"[0m
  Rendered cats/index.html.erb within layouts/application (31.4ms)
Completed 200 OK in 122ms (Views: 96.5ms | ActiveRecord: 16.2ms)


Started GET "/cats/16" for ::1 at 2018-02-08 14:44:37 -0500
Processing by CatsController#show as HTML
  Parameters: {"id"=>"16"}
  [1m[36mCat Load (0.5ms)[0m  [1m[34mSELECT  "cats".* FROM "cats" WHERE "cats"."id" = $1 LIMIT $2[0m  [["id", 16], ["LIMIT", 1]]
  Rendering cats/show.html.erb within layouts/application
  Rendered cats/show.html.erb within layouts/application (1.4ms)
Completed 200 OK in 100ms (Views: 92.3ms | ActiveRecord: 0.5ms)


Started GET "/cats/16/edit" for ::1 at 2018-02-08 14:44:39 -0500
Processing by CatsController#edit as HTML
  Parameters: {"id"=>"16"}
  [1m[36mCat Load (13.7ms)[0m  [1m[34mSELECT  "cats".* FROM "cats" WHERE "cats"."id" = $1 LIMIT $2[0m  [["id", 16], ["LIMIT", 1]]
  Rendering cats/edit.html.erb within layouts/application
  Rendered cats/edit.html.erb within layouts/application (31.0ms)
Completed 200 OK in 190ms (Views: 167.2ms | ActiveRecord: 13.7ms)


Started PATCH "/cats/16" for ::1 at 2018-02-08 14:44:53 -0500
  
AbstractController::ActionNotFound (The action 'update' could not be found for CatsController):
  
actionpack (5.1.4) lib/abstract_controller/base.rb:119:in `process'
actionview (5.1.4) lib/action_view/rendering.rb:30:in `process'
actionpack (5.1.4) lib/action_controller/metal.rb:189:in `dispatch'
actionpack (5.1.4) lib/action_controller/metal.rb:253:in `dispatch'
actionpack (5.1.4) lib/action_dispatch/routing/route_set.rb:49:in `dispatch'
actionpack (5.1.4) lib/action_dispatch/routing/route_set.rb:31:in `serve'
actionpack (5.1.4) lib/action_dispatch/journey/router.rb:50:in `block in serve'
actionpack (5.1.4) lib/action_dispatch/journey/router.rb:33:in `each'
actionpack (5.1.4) lib/action_dispatch/journey/router.rb:33:in `serve'
actionpack (5.1.4) lib/action_dispatch/routing/route_set.rb:834:in `call'
rack (2.0.3) lib/rack/etag.rb:25:in `call'
rack (2.0.3) lib/rack/conditional_get.rb:38:in `call'
rack (2.0.3) lib/rack/head.rb:12:in `call'
rack (2.0.3) lib/rack/session/abstract/id.rb:232:in `context'
rack (2.0.3) lib/rack/session/abstract/id.rb:226:in `call'
actionpack (5.1.4) lib/action_dispatch/middleware/cookies.rb:613:in `call'
activerecord (5.1.4) lib/active_record/migration.rb:556:in `call'
actionpack (5.1.4) lib/action_dispatch/middleware/callbacks.rb:26:in `block in call'
activesupport (5.1.4) lib/active_support/callbacks.rb:97:in `run_callbacks'
actionpack (5.1.4) lib/action_dispatch/middleware/callbacks.rb:24:in `call'
actionpack (5.1.4) lib/action_dispatch/middleware/executor.rb:12:in `call'
actionpack (5.1.4) lib/action_dispatch/middleware/debug_exceptions.rb:59:in `call'
web-console (3.5.1) lib/web_console/middleware.rb:135:in `call_app'
web-console (3.5.1) lib/web_console/middleware.rb:28:in `block in call'
web-console (3.5.1) lib/web_console/middleware.rb:18:in `catch'
web-console (3.5.1) lib/web_console/middleware.rb:18:in `call'
actionpack (5.1.4) lib/action_dispatch/middleware/show_exceptions.rb:31:in `call'
railties (5.1.4) lib/rails/rack/logger.rb:36:in `call_app'
railties (5.1.4) lib/rails/rack/logger.rb:24:in `block in call'
activesupport (5.1.4) lib/active_support/tagged_logging.rb:69:in `block in tagged'
activesupport (5.1.4) lib/active_support/tagged_logging.rb:26:in `tagged'
activesupport (5.1.4) lib/active_support/tagged_logging.rb:69:in `tagged'
railties (5.1.4) lib/rails/rack/logger.rb:24:in `call'
sprockets-rails (3.2.1) lib/sprockets/rails/quiet_assets.rb:13:in `call'
actionpack (5.1.4) lib/action_dispatch/middleware/remote_ip.rb:79:in `call'
actionpack (5.1.4) lib/action_dispatch/middleware/request_id.rb:25:in `call'
rack (2.0.3) lib/rack/method_override.rb:22:in `call'
rack (2.0.3) lib/rack/runtime.rb:22:in `call'
activesupport (5.1.4) lib/active_support/cache/strategy/local_cache_middleware.rb:27:in `call'
actionpack (5.1.4) lib/action_dispatch/middleware/executor.rb:12:in `call'
actionpack (5.1.4) lib/action_dispatch/middleware/static.rb:125:in `call'
rack (2.0.3) lib/rack/sendfile.rb:111:in `call'
railties (5.1.4) lib/rails/engine.rb:522:in `call'
puma (3.11.0) lib/puma/configuration.rb:225:in `call'
puma (3.11.0) lib/puma/server.rb:624:in `handle_request'
puma (3.11.0) lib/puma/server.rb:438:in `process_client'
puma (3.11.0) lib/puma/server.rb:302:in `block in run'
puma (3.11.0) lib/puma/thread_pool.rb:120:in `block in spawn_thread'
Started GET "/cats/16" for ::1 at 2018-02-08 14:46:30 -0500
Processing by CatsController#show as HTML
  Parameters: {"id"=>"16"}
  [1m[36mCat Load (1.3ms)[0m  [1m[34mSELECT  "cats".* FROM "cats" WHERE "cats"."id" = $1 LIMIT $2[0m  [["id", 16], ["LIMIT", 1]]
  Rendering cats/show.html.erb within layouts/application
  Rendered cats/show.html.erb within layouts/application (9.6ms)
Completed 200 OK in 106ms (Views: 78.2ms | ActiveRecord: 1.3ms)


Started GET "/cats" for ::1 at 2018-02-08 14:46:33 -0500
Processing by CatsController#index as HTML
  Rendering cats/index.html.erb within layouts/application
  [1m[36mCat Load (7.1ms)[0m  [1m[34mSELECT "cats".* FROM "cats"[0m
  Rendered cats/index.html.erb within layouts/application (28.1ms)
Completed 200 OK in 78ms (Views: 62.4ms | ActiveRecord: 7.1ms)


Started GET "/cats/14" for ::1 at 2018-02-08 14:46:39 -0500
Processing by CatsController#show as HTML
  Parameters: {"id"=>"14"}
  [1m[36mCat Load (0.7ms)[0m  [1m[34mSELECT  "cats".* FROM "cats" WHERE "cats"."id" = $1 LIMIT $2[0m  [["id", 14], ["LIMIT", 1]]
  Rendering cats/show.html.erb within layouts/application
  Rendered cats/show.html.erb within layouts/application (1.9ms)
Completed 200 OK in 80ms (Views: 70.1ms | ActiveRecord: 0.7ms)


Started GET "/cats/14/edit" for ::1 at 2018-02-08 14:46:43 -0500
Processing by CatsController#edit as HTML
  Parameters: {"id"=>"14"}
  [1m[36mCat Load (23.3ms)[0m  [1m[34mSELECT  "cats".* FROM "cats" WHERE "cats"."id" = $1 LIMIT $2[0m  [["id", 14], ["LIMIT", 1]]
  Rendering cats/edit.html.erb within layouts/application
  Rendered cats/edit.html.erb within layouts/application (5.4ms)
Completed 200 OK in 94ms (Views: 44.3ms | ActiveRecord: 23.3ms)


Started PATCH "/cats/14" for ::1 at 2018-02-08 14:46:45 -0500
  
AbstractController::ActionNotFound (The action 'update' could not be found for CatsController):
  
actionpack (5.1.4) lib/abstract_controller/base.rb:119:in `process'
actionview (5.1.4) lib/action_view/rendering.rb:30:in `process'
actionpack (5.1.4) lib/action_controller/metal.rb:189:in `dispatch'
actionpack (5.1.4) lib/action_controller/metal.rb:253:in `dispatch'
actionpack (5.1.4) lib/action_dispatch/routing/route_set.rb:49:in `dispatch'
actionpack (5.1.4) lib/action_dispatch/routing/route_set.rb:31:in `serve'
actionpack (5.1.4) lib/action_dispatch/journey/router.rb:50:in `block in serve'
actionpack (5.1.4) lib/action_dispatch/journey/router.rb:33:in `each'
actionpack (5.1.4) lib/action_dispatch/journey/router.rb:33:in `serve'
actionpack (5.1.4) lib/action_dispatch/routing/route_set.rb:834:in `call'
rack (2.0.3) lib/rack/etag.rb:25:in `call'
rack (2.0.3) lib/rack/conditional_get.rb:38:in `call'
rack (2.0.3) lib/rack/head.rb:12:in `call'
rack (2.0.3) lib/rack/session/abstract/id.rb:232:in `context'
rack (2.0.3) lib/rack/session/abstract/id.rb:226:in `call'
actionpack (5.1.4) lib/action_dispatch/middleware/cookies.rb:613:in `call'
activerecord (5.1.4) lib/active_record/migration.rb:556:in `call'
actionpack (5.1.4) lib/action_dispatch/middleware/callbacks.rb:26:in `block in call'
activesupport (5.1.4) lib/active_support/callbacks.rb:97:in `run_callbacks'
actionpack (5.1.4) lib/action_dispatch/middleware/callbacks.rb:24:in `call'
actionpack (5.1.4) lib/action_dispatch/middleware/executor.rb:12:in `call'
actionpack (5.1.4) lib/action_dispatch/middleware/debug_exceptions.rb:59:in `call'
web-console (3.5.1) lib/web_console/middleware.rb:135:in `call_app'
web-console (3.5.1) lib/web_console/middleware.rb:28:in `block in call'
web-console (3.5.1) lib/web_console/middleware.rb:18:in `catch'
web-console (3.5.1) lib/web_console/middleware.rb:18:in `call'
actionpack (5.1.4) lib/action_dispatch/middleware/show_exceptions.rb:31:in `call'
railties (5.1.4) lib/rails/rack/logger.rb:36:in `call_app'
railties (5.1.4) lib/rails/rack/logger.rb:24:in `block in call'
activesupport (5.1.4) lib/active_support/tagged_logging.rb:69:in `block in tagged'
activesupport (5.1.4) lib/active_support/tagged_logging.rb:26:in `tagged'
activesupport (5.1.4) lib/active_support/tagged_logging.rb:69:in `tagged'
railties (5.1.4) lib/rails/rack/logger.rb:24:in `call'
sprockets-rails (3.2.1) lib/sprockets/rails/quiet_assets.rb:13:in `call'
actionpack (5.1.4) lib/action_dispatch/middleware/remote_ip.rb:79:in `call'
actionpack (5.1.4) lib/action_dispatch/middleware/request_id.rb:25:in `call'
rack (2.0.3) lib/rack/method_override.rb:22:in `call'
rack (2.0.3) lib/rack/runtime.rb:22:in `call'
activesupport (5.1.4) lib/active_support/cache/strategy/local_cache_middleware.rb:27:in `call'
actionpack (5.1.4) lib/action_dispatch/middleware/executor.rb:12:in `call'
actionpack (5.1.4) lib/action_dispatch/middleware/static.rb:125:in `call'
rack (2.0.3) lib/rack/sendfile.rb:111:in `call'
railties (5.1.4) lib/rails/engine.rb:522:in `call'
puma (3.11.0) lib/puma/configuration.rb:225:in `call'
puma (3.11.0) lib/puma/server.rb:624:in `handle_request'
puma (3.11.0) lib/puma/server.rb:438:in `process_client'
puma (3.11.0) lib/puma/server.rb:302:in `block in run'
puma (3.11.0) lib/puma/thread_pool.rb:120:in `block in spawn_thread'
Started GET "/cats/14" for ::1 at 2018-02-08 14:47:04 -0500
Processing by CatsController#show as HTML
  Parameters: {"id"=>"14"}
  [1m[36mCat Load (1.9ms)[0m  [1m[34mSELECT  "cats".* FROM "cats" WHERE "cats"."id" = $1 LIMIT $2[0m  [["id", 14], ["LIMIT", 1]]
  Rendering cats/show.html.erb within layouts/application
  Rendered cats/show.html.erb within layouts/application (2.6ms)
Completed 200 OK in 95ms (Views: 57.8ms | ActiveRecord: 1.9ms)


Started GET "/cats" for ::1 at 2018-02-08 14:47:06 -0500
Processing by CatsController#index as HTML
  Rendering cats/index.html.erb within layouts/application
  [1m[36mCat Load (6.6ms)[0m  [1m[34mSELECT "cats".* FROM "cats"[0m
  Rendered cats/index.html.erb within layouts/application (22.0ms)
Completed 200 OK in 77ms (Views: 59.3ms | ActiveRecord: 6.6ms)


Started GET "/cats/new" for ::1 at 2018-02-08 14:47:08 -0500
Processing by CatsController#new as HTML
  Rendering cats/new.html.erb within layouts/application
  Rendered cats/new.html.erb within layouts/application (27.6ms)
Completed 200 OK in 83ms (Views: 77.6ms | ActiveRecord: 0.0ms)


Started POST "/cats" for ::1 at 2018-02-08 14:47:19 -0500
Processing by CatsController#create as HTML
  Parameters: {"utf8"=>"✓", "authenticity_token"=>"D3f2J1g5MmfM7HNSJfB0u+Ug52DDqmoJKhkDPjkoYkIWFIWkrnovgsk+0VYpQ3Xxla0uLwgyVTbIgFaDB3q19g==", "cat"=>{"name"=>"Tommy ", "breed"=>"The Cat"}, "commit"=>"Add Cat"}
  [1m[35m (6.4ms)[0m  [1m[35mBEGIN[0m
  [1m[35mSQL (17.3ms)[0m  [1m[32mINSERT INTO "cats" ("name", "breed", "created_at", "updated_at") VALUES ($1, $2, $3, $4) RETURNING "id"[0m  [["name", "Tommy "], ["breed", "The Cat"], ["created_at", "2018-02-08 19:47:19.141297"], ["updated_at", "2018-02-08 19:47:19.141297"]]
  [1m[35m (1.9ms)[0m  [1m[35mCOMMIT[0m
Redirected to http://localhost:3001/cats/22
Completed 302 Found in 56ms (ActiveRecord: 25.5ms)


Started GET "/cats/22" for ::1 at 2018-02-08 14:47:19 -0500
Processing by CatsController#show as HTML
  Parameters: {"id"=>"22"}
  [1m[36mCat Load (0.5ms)[0m  [1m[34mSELECT  "cats".* FROM "cats" WHERE "cats"."id" = $1 LIMIT $2[0m  [["id", 22], ["LIMIT", 1]]
  Rendering cats/show.html.erb within layouts/application
  Rendered cats/show.html.erb within layouts/application (14.4ms)
Completed 200 OK in 115ms (Views: 105.9ms | ActiveRecord: 0.5ms)


Started GET "/cats/22/edit" for ::1 at 2018-02-08 15:09:14 -0500
Processing by CatsController#edit as HTML
  Parameters: {"id"=>"22"}
  [1m[36mCat Load (13.1ms)[0m  [1m[34mSELECT  "cats".* FROM "cats" WHERE "cats"."id" = $1 LIMIT $2[0m  [["id", 22], ["LIMIT", 1]]
  Rendering cats/edit.html.erb within layouts/application
  Rendered cats/edit.html.erb within layouts/application (9.3ms)
Completed 200 OK in 258ms (Views: 90.6ms | ActiveRecord: 118.7ms)


Started PATCH "/cats/22" for ::1 at 2018-02-08 15:09:16 -0500
  
AbstractController::ActionNotFound (The action 'update' could not be found for CatsController):
  
actionpack (5.1.4) lib/abstract_controller/base.rb:119:in `process'
actionview (5.1.4) lib/action_view/rendering.rb:30:in `process'
actionpack (5.1.4) lib/action_controller/metal.rb:189:in `dispatch'
actionpack (5.1.4) lib/action_controller/metal.rb:253:in `dispatch'
actionpack (5.1.4) lib/action_dispatch/routing/route_set.rb:49:in `dispatch'
actionpack (5.1.4) lib/action_dispatch/routing/route_set.rb:31:in `serve'
actionpack (5.1.4) lib/action_dispatch/journey/router.rb:50:in `block in serve'
actionpack (5.1.4) lib/action_dispatch/journey/router.rb:33:in `each'
actionpack (5.1.4) lib/action_dispatch/journey/router.rb:33:in `serve'
actionpack (5.1.4) lib/action_dispatch/routing/route_set.rb:834:in `call'
rack (2.0.3) lib/rack/etag.rb:25:in `call'
rack (2.0.3) lib/rack/conditional_get.rb:38:in `call'
rack (2.0.3) lib/rack/head.rb:12:in `call'
rack (2.0.3) lib/rack/session/abstract/id.rb:232:in `context'
rack (2.0.3) lib/rack/session/abstract/id.rb:226:in `call'
actionpack (5.1.4) lib/action_dispatch/middleware/cookies.rb:613:in `call'
activerecord (5.1.4) lib/active_record/migration.rb:556:in `call'
actionpack (5.1.4) lib/action_dispatch/middleware/callbacks.rb:26:in `block in call'
activesupport (5.1.4) lib/active_support/callbacks.rb:97:in `run_callbacks'
actionpack (5.1.4) lib/action_dispatch/middleware/callbacks.rb:24:in `call'
actionpack (5.1.4) lib/action_dispatch/middleware/executor.rb:12:in `call'
actionpack (5.1.4) lib/action_dispatch/middleware/debug_exceptions.rb:59:in `call'
web-console (3.5.1) lib/web_console/middleware.rb:135:in `call_app'
web-console (3.5.1) lib/web_console/middleware.rb:28:in `block in call'
web-console (3.5.1) lib/web_console/middleware.rb:18:in `catch'
web-console (3.5.1) lib/web_console/middleware.rb:18:in `call'
actionpack (5.1.4) lib/action_dispatch/middleware/show_exceptions.rb:31:in `call'
railties (5.1.4) lib/rails/rack/logger.rb:36:in `call_app'
railties (5.1.4) lib/rails/rack/logger.rb:24:in `block in call'
activesupport (5.1.4) lib/active_support/tagged_logging.rb:69:in `block in tagged'
activesupport (5.1.4) lib/active_support/tagged_logging.rb:26:in `tagged'
activesupport (5.1.4) lib/active_support/tagged_logging.rb:69:in `tagged'
railties (5.1.4) lib/rails/rack/logger.rb:24:in `call'
sprockets-rails (3.2.1) lib/sprockets/rails/quiet_assets.rb:13:in `call'
actionpack (5.1.4) lib/action_dispatch/middleware/remote_ip.rb:79:in `call'
actionpack (5.1.4) lib/action_dispatch/middleware/request_id.rb:25:in `call'
rack (2.0.3) lib/rack/method_override.rb:22:in `call'
rack (2.0.3) lib/rack/runtime.rb:22:in `call'
activesupport (5.1.4) lib/active_support/cache/strategy/local_cache_middleware.rb:27:in `call'
actionpack (5.1.4) lib/action_dispatch/middleware/executor.rb:12:in `call'
actionpack (5.1.4) lib/action_dispatch/middleware/static.rb:125:in `call'
rack (2.0.3) lib/rack/sendfile.rb:111:in `call'
railties (5.1.4) lib/rails/engine.rb:522:in `call'
puma (3.11.0) lib/puma/configuration.rb:225:in `call'
puma (3.11.0) lib/puma/server.rb:624:in `handle_request'
puma (3.11.0) lib/puma/server.rb:438:in `process_client'
puma (3.11.0) lib/puma/server.rb:302:in `block in run'
puma (3.11.0) lib/puma/thread_pool.rb:120:in `block in spawn_thread'
Started GET "/cats/22/edit" for ::1 at 2018-02-08 15:11:59 -0500
Processing by CatsController#edit as HTML
  Parameters: {"id"=>"22"}
  [1m[36mCat Load (1.1ms)[0m  [1m[34mSELECT  "cats".* FROM "cats" WHERE "cats"."id" = $1 LIMIT $2[0m  [["id", 22], ["LIMIT", 1]]
  Rendering cats/edit.html.erb within layouts/application
  Rendered cats/edit.html.erb within layouts/application (8.1ms)
Completed 200 OK in 109ms (Views: 74.3ms | ActiveRecord: 1.1ms)


Started PATCH "/cats/22" for ::1 at 2018-02-08 15:12:09 -0500
Processing by CatsController#update as HTML
  Parameters: {"utf8"=>"✓", "authenticity_token"=>"5OVlw+eRGhuFcH4+69SvVSR/MYzCqWbRgyhVr6npoPJlm154miN1RQNw36hAOdMl1Ogn/it9L0+d+/m+fFLkFQ==", "cat"=>{"name"=>"Tommy ", "breed"=>"The Cat"}, "commit"=>"Edit Cat", "id"=>"22"}
  [1m[36mCat Load (19.0ms)[0m  [1m[34mSELECT  "cats".* FROM "cats" WHERE "cats"."id" = $1 LIMIT $2[0m  [["id", 22], ["LIMIT", 1]]
  [1m[35m (7.5ms)[0m  [1m[35mBEGIN[0m
  [1m[35m (0.3ms)[0m  [1m[35mCOMMIT[0m
Redirected to http://localhost:3001/cats
Completed 302 Found in 43ms (ActiveRecord: 26.8ms)


Started GET "/cats" for ::1 at 2018-02-08 15:12:09 -0500
Processing by CatsController#index as HTML
  Rendering cats/index.html.erb within layouts/application
  [1m[36mCat Load (17.7ms)[0m  [1m[34mSELECT "cats".* FROM "cats"[0m
  Rendered cats/index.html.erb within layouts/application (30.1ms)
Completed 200 OK in 83ms (Views: 61.1ms | ActiveRecord: 17.7ms)


Started GET "/cats/22" for ::1 at 2018-02-08 15:12:12 -0500
Processing by CatsController#show as HTML
  Parameters: {"id"=>"22"}
  [1m[36mCat Load (0.8ms)[0m  [1m[34mSELECT  "cats".* FROM "cats" WHERE "cats"."id" = $1 LIMIT $2[0m  [["id", 22], ["LIMIT", 1]]
  Rendering cats/show.html.erb within layouts/application
  Rendered cats/show.html.erb within layouts/application (1.3ms)
Completed 200 OK in 54ms (Views: 47.5ms | ActiveRecord: 0.8ms)


Started GET "/cats/22/edit" for ::1 at 2018-02-08 15:12:15 -0500
Processing by CatsController#edit as HTML
  Parameters: {"id"=>"22"}
  [1m[36mCat Load (0.4ms)[0m  [1m[34mSELECT  "cats".* FROM "cats" WHERE "cats"."id" = $1 LIMIT $2[0m  [["id", 22], ["LIMIT", 1]]
  Rendering cats/edit.html.erb within layouts/application
  Rendered cats/edit.html.erb within layouts/application (2.1ms)
Completed 200 OK in 57ms (Views: 46.9ms | ActiveRecord: 0.4ms)


Started PATCH "/cats/22" for ::1 at 2018-02-08 15:12:23 -0500
Processing by CatsController#update as HTML
  Parameters: {"utf8"=>"✓", "authenticity_token"=>"CxdLJ6xd1NyTb42+8zG9OZAVMLPe0mK1e42P+P2G+sCc64Nseb8SO6pVsB0xbkVqviM5NC7yyzm4hv1MpkIPuA==", "cat"=>{"name"=>"Tommy  from Who", "breed"=>"The Cat"}, "commit"=>"Edit Cat", "id"=>"22"}
  [1m[36mCat Load (2.5ms)[0m  [1m[34mSELECT  "cats".* FROM "cats" WHERE "cats"."id" = $1 LIMIT $2[0m  [["id", 22], ["LIMIT", 1]]
  [1m[35m (0.6ms)[0m  [1m[35mBEGIN[0m
  [1m[35mSQL (63.1ms)[0m  [1m[33mUPDATE "cats" SET "name" = $1, "updated_at" = $2 WHERE "cats"."id" = $3[0m  [["name", "Tommy  from Who"], ["updated_at", "2018-02-08 20:12:23.814142"], ["id", 22]]
  [1m[35m (33.9ms)[0m  [1m[35mCOMMIT[0m
Redirected to http://localhost:3001/cats
Completed 302 Found in 192ms (ActiveRecord: 100.1ms)


Started GET "/cats" for ::1 at 2018-02-08 15:12:23 -0500
Processing by CatsController#index as HTML
  Rendering cats/index.html.erb within layouts/application
  [1m[36mCat Load (1.4ms)[0m  [1m[34mSELECT "cats".* FROM "cats"[0m
  Rendered cats/index.html.erb within layouts/application (26.3ms)
Completed 200 OK in 129ms (Views: 121.8ms | ActiveRecord: 1.4ms)


Started GET "/cats/8" for ::1 at 2018-02-08 15:16:12 -0500
Processing by CatsController#show as HTML
  Parameters: {"id"=>"8"}
  [1m[36mCat Load (1.0ms)[0m  [1m[34mSELECT  "cats".* FROM "cats" WHERE "cats"."id" = $1 LIMIT $2[0m  [["id", 8], ["LIMIT", 1]]
  Rendering cats/show.html.erb within layouts/application
  Rendered cats/show.html.erb within layouts/application (6.3ms)
Completed 200 OK in 201ms (Views: 145.7ms | ActiveRecord: 1.0ms)


Started GET "/cats/8" for ::1 at 2018-02-08 15:19:15 -0500
Processing by CatsController#show as HTML
  Parameters: {"id"=>"8"}
  [1m[36mCat Load (1.9ms)[0m  [1m[34mSELECT  "cats".* FROM "cats" WHERE "cats"."id" = $1 LIMIT $2[0m  [["id", 8], ["LIMIT", 1]]
  Rendering cats/show.html.erb within layouts/application
  Rendered cats/show.html.erb within layouts/application (23.3ms)
Completed 200 OK in 160ms (Views: 128.6ms | ActiveRecord: 1.9ms)


Started DELETE "/cats/8" for ::1 at 2018-02-08 15:19:40 -0500
Processing by CatsController#destroy as HTML
  Parameters: {"utf8"=>"✓", "authenticity_token"=>"ue6rj/Tkoxf81hrY3/FWZy7kTgsaFmbluHRkWLh4sFg4kJA0iVbMSXrWu050HCoX3nNYefPCL3ump8hJbcP0vw==", "commit"=>"Delete Oscar?", "id"=>"8"}
  [1m[36mCat Load (1.0ms)[0m  [1m[34mSELECT  "cats".* FROM "cats" WHERE "cats"."id" = $1 LIMIT $2[0m  [["id", 8], ["LIMIT", 1]]
  [1m[35m (0.3ms)[0m  [1m[35mBEGIN[0m
  [1m[35mSQL (18.9ms)[0m  [1m[31mDELETE FROM "cats" WHERE "cats"."id" = $1[0m  [["id", 8]]
  [1m[35m (7.9ms)[0m  [1m[35mCOMMIT[0m
Redirected to http://localhost:3001/cats
Completed 302 Found in 77ms (ActiveRecord: 28.1ms)


Started GET "/cats" for ::1 at 2018-02-08 15:19:40 -0500
Processing by CatsController#index as HTML
  Rendering cats/index.html.erb within layouts/application
  [1m[36mCat Load (2.5ms)[0m  [1m[34mSELECT "cats".* FROM "cats"[0m
  Rendered cats/index.html.erb within layouts/application (29.1ms)
Completed 200 OK in 118ms (Views: 108.7ms | ActiveRecord: 2.5ms)


Started GET "/cats/new" for ::1 at 2018-02-08 15:21:23 -0500
Processing by CatsController#new as HTML
  Rendering cats/new.html.erb within layouts/application
  Rendered cats/new.html.erb within layouts/application (17.9ms)
Completed 200 OK in 150ms (Views: 129.1ms | ActiveRecord: 0.0ms)


Started POST "/cats" for ::1 at 2018-02-08 15:21:36 -0500
Processing by CatsController#create as HTML
  Parameters: {"utf8"=>"✓", "authenticity_token"=>"IMl0qUZN6XSYuES42yGDK+11B+YuwfYKrzwm3LWWAsM5qgcqsA70kZ1q5rzXkoJhnfjOqeVZyTVNpXNhi8TVdw==", "cat"=>{"name"=>"jimmer", "breed"=>"fredette"}, "commit"=>"Add Cat"}
  [1m[35m (0.9ms)[0m  [1m[35mBEGIN[0m
  [1m[35mSQL (39.8ms)[0m  [1m[32mINSERT INTO "cats" ("name", "breed", "created_at", "updated_at") VALUES ($1, $2, $3, $4) RETURNING "id"[0m  [["name", "jimmer"], ["breed", "fredette"], ["created_at", "2018-02-08 20:21:36.701023"], ["updated_at", "2018-02-08 20:21:36.701023"]]
  [1m[35m (1.1ms)[0m  [1m[35mCOMMIT[0m
Redirected to http://localhost:3001/cats/23
Completed 302 Found in 82ms (ActiveRecord: 41.8ms)


Started GET "/cats/23" for ::1 at 2018-02-08 15:21:36 -0500
Processing by CatsController#show as HTML
  Parameters: {"id"=>"23"}
  [1m[36mCat Load (0.8ms)[0m  [1m[34mSELECT  "cats".* FROM "cats" WHERE "cats"."id" = $1 LIMIT $2[0m  [["id", 23], ["LIMIT", 1]]
  Rendering cats/show.html.erb within layouts/application
  Rendered cats/show.html.erb within layouts/application (5.3ms)
Completed 200 OK in 62ms (Views: 54.0ms | ActiveRecord: 0.8ms)


Started GET "/cats/23/edit" for ::1 at 2018-02-08 15:21:41 -0500
Processing by CatsController#edit as HTML
  Parameters: {"id"=>"23"}
  [1m[36mCat Load (0.4ms)[0m  [1m[34mSELECT  "cats".* FROM "cats" WHERE "cats"."id" = $1 LIMIT $2[0m  [["id", 23], ["LIMIT", 1]]
  Rendering cats/edit.html.erb within layouts/application
  Rendered cats/edit.html.erb within layouts/application (5.3ms)
Completed 200 OK in 59ms (Views: 50.4ms | ActiveRecord: 0.4ms)


Started PATCH "/cats/23" for ::1 at 2018-02-08 15:21:54 -0500
Processing by CatsController#update as HTML
  Parameters: {"utf8"=>"✓", "authenticity_token"=>"YDLzRD2rBkI2uuhOJtavS2kH4xgiePdoiVqKgGdPYgydsfjK0UOXMxjhxvU30cG9B0YX6zWqB3h0VVMUm1pniA==", "cat"=>{"name"=>"caron", "breed"=>"butler"}, "commit"=>"Edit Cat", "id"=>"23"}
  [1m[36mCat Load (6.2ms)[0m  [1m[34mSELECT  "cats".* FROM "cats" WHERE "cats"."id" = $1 LIMIT $2[0m  [["id", 23], ["LIMIT", 1]]
  [1m[35m (0.2ms)[0m  [1m[35mBEGIN[0m
  [1m[35mSQL (1.3ms)[0m  [1m[33mUPDATE "cats" SET "name" = $1, "breed" = $2, "updated_at" = $3 WHERE "cats"."id" = $4[0m  [["name", "caron"], ["breed", "butler"], ["updated_at", "2018-02-08 20:21:54.745132"], ["id", 23]]
  [1m[35m (0.5ms)[0m  [1m[35mCOMMIT[0m
Redirected to http://localhost:3001/cats
Completed 302 Found in 25ms (ActiveRecord: 8.2ms)


Started GET "/cats" for ::1 at 2018-02-08 15:21:54 -0500
Processing by CatsController#index as HTML
  Rendering cats/index.html.erb within layouts/application
  [1m[36mCat Load (0.9ms)[0m  [1m[34mSELECT "cats".* FROM "cats"[0m
  Rendered cats/index.html.erb within layouts/application (7.3ms)
Completed 200 OK in 59ms (Views: 53.5ms | ActiveRecord: 0.9ms)


Started GET "/cats/23" for ::1 at 2018-02-08 15:21:58 -0500
Processing by CatsController#show as HTML
  Parameters: {"id"=>"23"}
  [1m[36mCat Load (1.9ms)[0m  [1m[34mSELECT  "cats".* FROM "cats" WHERE "cats"."id" = $1 LIMIT $2[0m  [["id", 23], ["LIMIT", 1]]
  Rendering cats/show.html.erb within layouts/application
  Rendered cats/show.html.erb within layouts/application (20.6ms)
Completed 200 OK in 104ms (Views: 80.0ms | ActiveRecord: 1.9ms)


Started DELETE "/cats/23" for ::1 at 2018-02-08 15:22:01 -0500
Processing by CatsController#destroy as HTML
  Parameters: {"utf8"=>"✓", "authenticity_token"=>"DBmK3PJaJcRO7iNwesJkAD5qNY5qxVJ2HgUVM4XO4qNbJd02a83nfPVjeqRalaLaoOr6ZQ1Ojro/wRblZ2sODA==", "commit"=>"Delete caron?", "id"=>"23"}
  [1m[36mCat Load (0.5ms)[0m  [1m[34mSELECT  "cats".* FROM "cats" WHERE "cats"."id" = $1 LIMIT $2[0m  [["id", 23], ["LIMIT", 1]]
  [1m[35m (0.2ms)[0m  [1m[35mBEGIN[0m
  [1m[35mSQL (0.8ms)[0m  [1m[31mDELETE FROM "cats" WHERE "cats"."id" = $1[0m  [["id", 23]]
  [1m[35m (6.6ms)[0m  [1m[35mCOMMIT[0m
Redirected to http://localhost:3001/cats
Completed 302 Found in 15ms (ActiveRecord: 8.2ms)


Started GET "/cats" for ::1 at 2018-02-08 15:22:01 -0500
Processing by CatsController#index as HTML
  Rendering cats/index.html.erb within layouts/application
  [1m[36mCat Load (6.9ms)[0m  [1m[34mSELECT "cats".* FROM "cats"[0m
  Rendered cats/index.html.erb within layouts/application (13.4ms)
Completed 200 OK in 59ms (Views: 48.3ms | ActiveRecord: 6.9ms)


